# JRE version: OpenJDK Runtime Environment Temurin-17.0.6+10 (17.0.6+10) (build 17.0.6+10)
# Java VM: OpenJDK 64-Bit Server VM Temurin-17.0.6+10 (17.0.6+10, mixed mode, tiered, compressed oops, compressed class ptrs, g1 gc, windows-amd64)
GC Precious Log:
 CPUs: 12 total, 12 available
 Memory: 7971M
 Large Page Support: Disabled
 NUMA Support: Disabled
 Compressed Oops: Enabled (32-bit)
 Heap Region Size: 1M
 Heap Min Capacity: 8M
 Heap Initial Capacity: 126M
 Heap Max Capacity: 1994M
 Pre-touch: Disabled
 Parallel Workers: 10
 Concurrent Workers: 3
 Concurrent Refinement Workers: 10
 Periodic GC: Disabled
Heap:
 garbage-first heap   total 144384K, used 93387K [0x0000000083600000, 0x0000000100000000)
  region size 1024K, 39 young (39936K), 1 survivors (1024K)
 Metaspace       used 22160K, committed 22400K, reserved 1073152K
  class space    used 2256K, committed 2368K, reserved 1048576K
GC Heap History (20 events):
Event: 100.038 GC heap before
{Heap before GC invocations=1 (full 0):
 garbage-first heap   total 129024K, used 29228K [0x0000000083600000, 0x0000000100000000)
  region size 1024K, 17 young (17408K), 3 survivors (3072K)
 Metaspace       used 21304K, committed 21504K, reserved 1073152K
  class space    used 2160K, committed 2240K, reserved 1048576K
}
Event: 100.042 GC heap after
{Heap after GC invocations=2 (full 0):
 garbage-first heap   total 129024K, used 12554K [0x0000000083600000, 0x0000000100000000)
  region size 1024K, 1 young (1024K), 1 survivors (1024K)
 Metaspace       used 21304K, committed 21504K, reserved 1073152K
  class space    used 2160K, committed 2240K, reserved 1048576K
}
Event: 101.109 GC heap before
{Heap before GC invocations=3 (full 0):
 garbage-first heap   total 48128K, used 42250K [0x0000000083600000, 0x0000000100000000)
  region size 1024K, 19 young (19456K), 1 survivors (1024K)
 Metaspace       used 22103K, committed 22336K, reserved 1073152K
  class space    used 2250K, committed 2368K, reserved 1048576K
}
Event: 101.111 GC heap after
{Heap after GC invocations=4 (full 0):
 garbage-first heap   total 48128K, used 18767K [0x0000000083600000, 0x0000000100000000)
  region size 1024K, 1 young (1024K), 1 survivors (1024K)
 Metaspace       used 22103K, committed 22336K, reserved 1073152K
  class space    used 2250K, committed 2368K, reserved 1048576K
}
Event: 101.114 GC heap before
{Heap before GC invocations=4 (full 0):
 garbage-first heap   total 48128K, used 19791K [0x0000000083600000, 0x0000000100000000)
  region size 1024K, 2 young (2048K), 1 survivors (1024K)
 Metaspace       used 22104K, committed 22336K, reserved 1073152K
  class space    used 2250K, committed 2368K, reserved 1048576K
}
Event: 101.115 GC heap after
{Heap after GC invocations=5 (full 0):
 garbage-first heap   total 48128K, used 15631K [0x0000000083600000, 0x0000000100000000)
  region size 1024K, 1 young (1024K), 1 survivors (1024K)
 Metaspace       used 22104K, committed 22336K, reserved 1073152K
  class space    used 2250K, committed 2368K, reserved 1048576K
}
Event: 101.891 GC heap before
{Heap before GC invocations=5 (full 0):
 garbage-first heap   total 48128K, used 27919K [0x0000000083600000, 0x0000000100000000)
  region size 1024K, 8 young (8192K), 1 survivors (1024K)
 Metaspace       used 22108K, committed 22336K, reserved 1073152K
  class space    used 2250K, committed 2368K, reserved 1048576K
}
Event: 101.892 GC heap after
{Heap after GC invocations=6 (full 0):
 garbage-first heap   total 48128K, used 18673K [0x0000000083600000, 0x0000000100000000)
  region size 1024K, 1 young (1024K), 1 survivors (1024K)
 Metaspace       used 22108K, committed 22336K, reserved 1073152K
  class space    used 2250K, committed 2368K, reserved 1048576K
}
Event: 101.893 GC heap before
{Heap before GC invocations=6 (full 0):
 garbage-first heap   total 48128K, used 21745K [0x0000000083600000, 0x0000000100000000)
  region size 1024K, 2 young (2048K), 1 survivors (1024K)
 Metaspace       used 22108K, committed 22336K, reserved 1073152K
  class space    used 2250K, committed 2368K, reserved 1048576K
}
Event: 101.894 GC heap after
{Heap after GC invocations=7 (full 0):
 garbage-first heap   total 48128K, used 18634K [0x0000000083600000, 0x0000000100000000)
  region size 1024K, 1 young (1024K), 1 survivors (1024K)
 Metaspace       used 22108K, committed 22336K, reserved 1073152K
  class space    used 2250K, committed 2368K, reserved 1048576K
}
Event: 102.292 GC heap before
{Heap before GC invocations=7 (full 0):
 garbage-first heap   total 48128K, used 26826K [0x0000000083600000, 0x0000000100000000)
  region size 1024K, 7 young (7168K), 1 survivors (1024K)
 Metaspace       used 22110K, committed 22336K, reserved 1073152K
  class space    used 2250K, committed 2368K, reserved 1048576K
}
Event: 102.293 GC heap after
{Heap after GC invocations=8 (full 0):
 garbage-first heap   total 48128K, used 18639K [0x0000000083600000, 0x0000000100000000)
  region size 1024K, 1 young (1024K), 1 survivors (1024K)
 Metaspace       used 22110K, committed 22336K, reserved 1073152K
  class space    used 2250K, committed 2368K, reserved 1048576K
}
Event: 102.294 GC heap before
{Heap before GC invocations=8 (full 0):
 garbage-first heap   total 48128K, used 21711K [0x0000000083600000, 0x0000000100000000)
  region size 1024K, 2 young (2048K), 1 survivors (1024K)
 Metaspace       used 22110K, committed 22336K, reserved 1073152K
  class space    used 2250K, committed 2368K, reserved 1048576K
}
Event: 102.295 GC heap after
{Heap after GC invocations=9 (full 0):
 garbage-first heap   total 48128K, used 18633K [0x0000000083600000, 0x0000000100000000)
  region size 1024K, 1 young (1024K), 1 survivors (1024K)
 Metaspace       used 22110K, committed 22336K, reserved 1073152K
  class space    used 2250K, committed 2368K, reserved 1048576K
}
Event: 102.691 GC heap before
{Heap before GC invocations=9 (full 0):
 garbage-first heap   total 48128K, used 26825K [0x0000000083600000, 0x0000000100000000)
  region size 1024K, 7 young (7168K), 1 survivors (1024K)
 Metaspace       used 22110K, committed 22336K, reserved 1073152K
  class space    used 2250K, committed 2368K, reserved 1048576K
}
Event: 102.693 GC heap after
{Heap after GC invocations=10 (full 0):
 garbage-first heap   total 48128K, used 18633K [0x0000000083600000, 0x0000000100000000)
  region size 1024K, 1 young (1024K), 1 survivors (1024K)
 Metaspace       used 22110K, committed 22336K, reserved 1073152K
  class space    used 2250K, committed 2368K, reserved 1048576K
}
Event: 102.693 GC heap before
{Heap before GC invocations=10 (full 0):
 garbage-first heap   total 48128K, used 21705K [0x0000000083600000, 0x0000000100000000)
  region size 1024K, 2 young (2048K), 1 survivors (1024K)
 Metaspace       used 22110K, committed 22336K, reserved 1073152K
  class space    used 2250K, committed 2368K, reserved 1048576K
}
Event: 102.694 GC heap after
{Heap after GC invocations=11 (full 0):
 garbage-first heap   total 48128K, used 18620K [0x0000000083600000, 0x0000000100000000)
  region size 1024K, 1 young (1024K), 1 survivors (1024K)
 Metaspace       used 22110K, committed 22336K, reserved 1073152K
  class space    used 2250K, committed 2368K, reserved 1048576K
}
Event: 103.096 GC heap before
{Heap before GC invocations=11 (full 0):
 garbage-first heap   total 48128K, used 26812K [0x0000000083600000, 0x0000000100000000)
  region size 1024K, 7 young (7168K), 1 survivors (1024K)
 Metaspace       used 22112K, committed 22336K, reserved 1073152K
  class space    used 2250K, committed 2368K, reserved 1048576K
}
Event: 103.099 GC heap after
{Heap after GC invocations=12 (full 0):
 garbage-first heap   total 144384K, used 18635K [0x0000000083600000, 0x0000000100000000)
  region size 1024K, 1 young (1024K), 1 survivors (1024K)
 Metaspace       used 22112K, committed 22336K, reserved 1073152K
  class space    used 2250K, committed 2368K, reserved 1048576K
}

