# JRE version: OpenJDK Runtime Environment Temurin-17.0.6+10 (17.0.6+10) (build 17.0.6+10)
# Java VM: OpenJDK 64-Bit Server VM Temurin-17.0.6+10 (17.0.6+10, mixed mode, tiered, compressed oops, compressed class ptrs, g1 gc, windows-amd64)
GC Precious Log:
 CPUs: 12 total, 12 available
 Memory: 7971M
 Large Page Support: Disabled
 NUMA Support: Disabled
 Compressed Oops: Enabled (32-bit)
 Heap Region Size: 1M
 Heap Min Capacity: 8M
 Heap Initial Capacity: 126M
 Heap Max Capacity: 1994M
 Pre-touch: Disabled
 Parallel Workers: 10
 Concurrent Workers: 3
 Concurrent Refinement Workers: 10
 Periodic GC: Disabled
Heap:
 garbage-first heap   total 146432K, used 91639K [0x0000000083600000, 0x0000000100000000)
  region size 1024K, 31 young (31744K), 1 survivors (1024K)
 Metaspace       used 21935K, committed 22208K, reserved 1073152K
  class space    used 2227K, committed 2368K, reserved 1048576K
GC Heap History (20 events):
Event: 103.124 GC heap before
{Heap before GC invocations=47 (full 0):
 garbage-first heap   total 146432K, used 94702K [0x0000000083600000, 0x0000000100000000)
  region size 1024K, 31 young (31744K), 1 survivors (1024K)
 Metaspace       used 21882K, committed 22144K, reserved 1073152K
  class space    used 2226K, committed 2368K, reserved 1048576K
}
Event: 103.125 GC heap after
{Heap after GC invocations=48 (full 0):
 garbage-first heap   total 146432K, used 34286K [0x0000000083600000, 0x0000000100000000)
  region size 1024K, 1 young (1024K), 1 survivors (1024K)
 Metaspace       used 21882K, committed 22144K, reserved 1073152K
  class space    used 2226K, committed 2368K, reserved 1048576K
}
Event: 104.434 GC heap before
{Heap before GC invocations=48 (full 0):
 garbage-first heap   total 146432K, used 94702K [0x0000000083600000, 0x0000000100000000)
  region size 1024K, 31 young (31744K), 1 survivors (1024K)
 Metaspace       used 21882K, committed 22144K, reserved 1073152K
  class space    used 2226K, committed 2368K, reserved 1048576K
}
Event: 104.435 GC heap after
{Heap after GC invocations=49 (full 0):
 garbage-first heap   total 146432K, used 34288K [0x0000000083600000, 0x0000000100000000)
  region size 1024K, 1 young (1024K), 1 survivors (1024K)
 Metaspace       used 21882K, committed 22144K, reserved 1073152K
  class space    used 2226K, committed 2368K, reserved 1048576K
}
Event: 105.650 GC heap before
{Heap before GC invocations=49 (full 0):
 garbage-first heap   total 146432K, used 94704K [0x0000000083600000, 0x0000000100000000)
  region size 1024K, 31 young (31744K), 1 survivors (1024K)
 Metaspace       used 21890K, committed 22144K, reserved 1073152K
  class space    used 2226K, committed 2368K, reserved 1048576K
}
Event: 105.651 GC heap after
{Heap after GC invocations=50 (full 0):
 garbage-first heap   total 146432K, used 34288K [0x0000000083600000, 0x0000000100000000)
  region size 1024K, 1 young (1024K), 1 survivors (1024K)
 Metaspace       used 21890K, committed 22144K, reserved 1073152K
  class space    used 2226K, committed 2368K, reserved 1048576K
}
Event: 106.849 GC heap before
{Heap before GC invocations=50 (full 0):
 garbage-first heap   total 146432K, used 94704K [0x0000000083600000, 0x0000000100000000)
  region size 1024K, 31 young (31744K), 1 survivors (1024K)
 Metaspace       used 21891K, committed 22144K, reserved 1073152K
  class space    used 2226K, committed 2368K, reserved 1048576K
}
Event: 106.850 GC heap after
{Heap after GC invocations=51 (full 0):
 garbage-first heap   total 146432K, used 34284K [0x0000000083600000, 0x0000000100000000)
  region size 1024K, 1 young (1024K), 1 survivors (1024K)
 Metaspace       used 21891K, committed 22144K, reserved 1073152K
  class space    used 2226K, committed 2368K, reserved 1048576K
}
Event: 108.052 GC heap before
{Heap before GC invocations=51 (full 0):
 garbage-first heap   total 146432K, used 94700K [0x0000000083600000, 0x0000000100000000)
  region size 1024K, 31 young (31744K), 1 survivors (1024K)
 Metaspace       used 21896K, committed 22144K, reserved 1073152K
  class space    used 2226K, committed 2368K, reserved 1048576K
}
Event: 108.053 GC heap after
{Heap after GC invocations=52 (full 0):
 garbage-first heap   total 146432K, used 34290K [0x0000000083600000, 0x0000000100000000)
  region size 1024K, 1 young (1024K), 1 survivors (1024K)
 Metaspace       used 21896K, committed 22144K, reserved 1073152K
  class space    used 2226K, committed 2368K, reserved 1048576K
}
Event: 109.251 GC heap before
{Heap before GC invocations=52 (full 0):
 garbage-first heap   total 146432K, used 94706K [0x0000000083600000, 0x0000000100000000)
  region size 1024K, 31 young (31744K), 1 survivors (1024K)
 Metaspace       used 21903K, committed 22144K, reserved 1073152K
  class space    used 2226K, committed 2368K, reserved 1048576K
}
Event: 109.252 GC heap after
{Heap after GC invocations=53 (full 0):
 garbage-first heap   total 146432K, used 34295K [0x0000000083600000, 0x0000000100000000)
  region size 1024K, 1 young (1024K), 1 survivors (1024K)
 Metaspace       used 21903K, committed 22144K, reserved 1073152K
  class space    used 2226K, committed 2368K, reserved 1048576K
}
Event: 110.448 GC heap before
{Heap before GC invocations=53 (full 0):
 garbage-first heap   total 146432K, used 94711K [0x0000000083600000, 0x0000000100000000)
  region size 1024K, 31 young (31744K), 1 survivors (1024K)
 Metaspace       used 21907K, committed 22144K, reserved 1073152K
  class space    used 2226K, committed 2368K, reserved 1048576K
}
Event: 110.449 GC heap after
{Heap after GC invocations=54 (full 0):
 garbage-first heap   total 146432K, used 34293K [0x0000000083600000, 0x0000000100000000)
  region size 1024K, 1 young (1024K), 1 survivors (1024K)
 Metaspace       used 21907K, committed 22144K, reserved 1073152K
  class space    used 2226K, committed 2368K, reserved 1048576K
}
Event: 111.664 GC heap before
{Heap before GC invocations=54 (full 0):
 garbage-first heap   total 146432K, used 94709K [0x0000000083600000, 0x0000000100000000)
  region size 1024K, 31 young (31744K), 1 survivors (1024K)
 Metaspace       used 21910K, committed 22208K, reserved 1073152K
  class space    used 2226K, committed 2368K, reserved 1048576K
}
Event: 111.666 GC heap after
{Heap after GC invocations=55 (full 0):
 garbage-first heap   total 146432K, used 34295K [0x0000000083600000, 0x0000000100000000)
  region size 1024K, 1 young (1024K), 1 survivors (1024K)
 Metaspace       used 21910K, committed 22208K, reserved 1073152K
  class space    used 2226K, committed 2368K, reserved 1048576K
}
Event: 112.864 GC heap before
{Heap before GC invocations=55 (full 0):
 garbage-first heap   total 146432K, used 94711K [0x0000000083600000, 0x0000000100000000)
  region size 1024K, 31 young (31744K), 1 survivors (1024K)
 Metaspace       used 21920K, committed 22208K, reserved 1073152K
  class space    used 2226K, committed 2368K, reserved 1048576K
}
Event: 112.864 GC heap after
{Heap after GC invocations=56 (full 0):
 garbage-first heap   total 146432K, used 34293K [0x0000000083600000, 0x0000000100000000)
  region size 1024K, 1 young (1024K), 1 survivors (1024K)
 Metaspace       used 21920K, committed 22208K, reserved 1073152K
  class space    used 2226K, committed 2368K, reserved 1048576K
}
Event: 114.064 GC heap before
{Heap before GC invocations=56 (full 0):
 garbage-first heap   total 146432K, used 95733K [0x0000000083600000, 0x0000000100000000)
  region size 1024K, 32 young (32768K), 1 survivors (1024K)
 Metaspace       used 21927K, committed 22208K, reserved 1073152K
  class space    used 2226K, committed 2368K, reserved 1048576K
}
Event: 114.065 GC heap after
{Heap after GC invocations=57 (full 0):
 garbage-first heap   total 146432K, used 34295K [0x0000000083600000, 0x0000000100000000)
  region size 1024K, 1 young (1024K), 1 survivors (1024K)
 Metaspace       used 21927K, committed 22208K, reserved 1073152K
  class space    used 2226K, committed 2368K, reserved 1048576K
}

